Determining size of off64_t failed with the following output:
Change Dir: D:/USD/build_debug/build/zlib-1.2.13/CMakeFiles/CMakeScratch/TryCompile-515g9l

Run Build Command(s):C:/Program Files/Microsoft Visual Studio/2022/Professional/MSBuild/Current/Bin/amd64/MSBuild.exe cmTC_de9c0.vcxproj /p:Configuration=Debug /p:Platform=x64 /p:VisualStudioVersion=17.0 /v:m && MSBuild 縺ｮ繝舌・繧ｸ繝ｧ繝ｳ 17.12.12+1cce77968 (.NET Framework)

  Microsoft (R) C/C++ Optimizing Compiler Version 19.36.32546 for x64
  OFF64_T.c
  Copyright (C) Microsoft Corporation.  All rights reserved.
  cl /c /Zi /W3 /WX- /diagnostics:column /Od /Ob0 /D _MBCS /D WIN32 /D _WINDOWS /D _LARGEFILE64_SOURCE=1 /D HAVE_SYS_TYPES_H /D HAVE_STDINT_H /D HAVE_STDDEF_H /D "CMAKE_INTDIR=\"Debug\"" /Gm- /RTC1 /MDd /GS /fp:precise /Zc:wchar_t /Zc:forScope /Zc:inline /Fo"cmTC_de9c0.dir\Debug\\" /Fd"cmTC_de9c0.dir\Debug\vc143.pdb" /external:W3 /Gd /TC /errorReport:queue "D:\USD\build_debug\build\zlib-1.2.13\CMakeFiles\CMakeScratch\TryCompile-515g9l\OFF64_T.c"
D:\USD\build_debug\build\zlib-1.2.13\CMakeFiles\CMakeScratch\TryCompile-515g9l\OFF64_T.c(29,12): error C2065: 'off64_t': undeclared identifier [D:\USD\build_debug\build\zlib-1.2.13\CMakeFiles\CMakeScratch\TryCompile-515g9l\cmTC_de9c0.vcxproj]
D:\USD\build_debug\build\zlib-1.2.13\CMakeFiles\CMakeScratch\TryCompile-515g9l\OFF64_T.c(30,12): error C2065: 'off64_t': undeclared identifier [D:\USD\build_debug\build\zlib-1.2.13\CMakeFiles\CMakeScratch\TryCompile-515g9l\cmTC_de9c0.vcxproj]
D:\USD\build_debug\build\zlib-1.2.13\CMakeFiles\CMakeScratch\TryCompile-515g9l\OFF64_T.c(31,12): error C2065: 'off64_t': undeclared identifier [D:\USD\build_debug\build\zlib-1.2.13\CMakeFiles\CMakeScratch\TryCompile-515g9l\cmTC_de9c0.vcxproj]
D:\USD\build_debug\build\zlib-1.2.13\CMakeFiles\CMakeScratch\TryCompile-515g9l\OFF64_T.c(32,12): error C2065: 'off64_t': undeclared identifier [D:\USD\build_debug\build\zlib-1.2.13\CMakeFiles\CMakeScratch\TryCompile-515g9l\cmTC_de9c0.vcxproj]
D:\USD\build_debug\build\zlib-1.2.13\CMakeFiles\CMakeScratch\TryCompile-515g9l\OFF64_T.c(33,12): error C2065: 'off64_t': undeclared identifier [D:\USD\build_debug\build\zlib-1.2.13\CMakeFiles\CMakeScratch\TryCompile-515g9l\cmTC_de9c0.vcxproj]


OFF64_T.c:
#include <sys/types.h>
#include <stdint.h>
#include <stddef.h>


#undef KEY
#if defined(__i386)
# define KEY '_','_','i','3','8','6'
#elif defined(__x86_64)
# define KEY '_','_','x','8','6','_','6','4'
#elif defined(__PPC64__)
# define KEY '_','_','P','P','C','6','4','_','_'
#elif defined(__ppc64__)
# define KEY '_','_','p','p','c','6','4','_','_'
#elif defined(__PPC__)
# define KEY '_','_','P','P','C','_','_'
#elif defined(__ppc__)
# define KEY '_','_','p','p','c','_','_'
#elif defined(__aarch64__)
# define KEY '_','_','a','a','r','c','h','6','4','_','_'
#elif defined(__ARM_ARCH_7A__)
# define KEY '_','_','A','R','M','_','A','R','C','H','_','7','A','_','_'
#elif defined(__ARM_ARCH_7S__)
# define KEY '_','_','A','R','M','_','A','R','C','H','_','7','S','_','_'
#endif

#define SIZE (sizeof(off64_t))
static char info_size[] =  {'I', 'N', 'F', 'O', ':', 's','i','z','e','[',
  ('0' + ((SIZE / 10000)%10)),
  ('0' + ((SIZE / 1000)%10)),
  ('0' + ((SIZE / 100)%10)),
  ('0' + ((SIZE / 10)%10)),
  ('0' +  (SIZE    % 10)),
  ']',
#ifdef KEY
  ' ','k','e','y','[', KEY, ']',
#endif
  '\0'};

#ifdef __CLASSIC_C__
int main(argc, argv) int argc; char *argv[];
#else
int main(int argc, char *argv[])
#endif
{
  int require = 0;
  require += info_size[argc];
  (void)argv;
  return require;
}


Determining if the function fseeko exists failed with the following output:
Change Dir: D:/USD/build_debug/build/zlib-1.2.13/CMakeFiles/CMakeScratch/TryCompile-e1w4dq

Run Build Command(s):C:/Program Files/Microsoft Visual Studio/2022/Professional/MSBuild/Current/Bin/amd64/MSBuild.exe cmTC_63316.vcxproj /p:Configuration=Debug /p:Platform=x64 /p:VisualStudioVersion=17.0 /v:m && MSBuild 縺ｮ繝舌・繧ｸ繝ｧ繝ｳ 17.12.12+1cce77968 (.NET Framework)

  Microsoft (R) C/C++ Optimizing Compiler Version 19.36.32546 for x64
  CheckFunctionExists.c
  Copyright (C) Microsoft Corporation.  All rights reserved.
  cl /c /Zi /W3 /WX- /diagnostics:column /Od /Ob0 /D _MBCS /D WIN32 /D _WINDOWS /D CHECK_FUNCTION_EXISTS=fseeko /D "CMAKE_INTDIR=\"Debug\"" /Gm- /RTC1 /MDd /GS /fp:precise /Zc:wchar_t /Zc:forScope /Zc:inline /Fo"cmTC_63316.dir\Debug\\" /Fd"cmTC_63316.dir\Debug\vc143.pdb" /external:W3 /Gd /TC /errorReport:queue "D:\USD\build_debug\build\zlib-1.2.13\CMakeFiles\CMakeScratch\TryCompile-e1w4dq\CheckFunctionExists.c"
CheckFunctionExists.obj : error LNK2019: unresolved external symbol fseeko referenced in function main [D:\USD\build_debug\build\zlib-1.2.13\CMakeFiles\CMakeScratch\TryCompile-e1w4dq\cmTC_63316.vcxproj]
D:\USD\build_debug\build\zlib-1.2.13\CMakeFiles\CMakeScratch\TryCompile-e1w4dq\Debug\cmTC_63316.exe : fatal error LNK1120: 1 unresolved externals [D:\USD\build_debug\build\zlib-1.2.13\CMakeFiles\CMakeScratch\TryCompile-e1w4dq\cmTC_63316.vcxproj]



Determining if the include file unistd.h exists failed with the following output:
Change Dir: D:/USD/build_debug/build/zlib-1.2.13/CMakeFiles/CMakeScratch/TryCompile-hcduic

Run Build Command(s):C:/Program Files/Microsoft Visual Studio/2022/Professional/MSBuild/Current/Bin/amd64/MSBuild.exe cmTC_16623.vcxproj /p:Configuration=Debug /p:Platform=x64 /p:VisualStudioVersion=17.0 /v:m && MSBuild 縺ｮ繝舌・繧ｸ繝ｧ繝ｳ 17.12.12+1cce77968 (.NET Framework)

  Microsoft (R) C/C++ Optimizing Compiler Version 19.36.32546 for x64
  CheckIncludeFile.c
  Copyright (C) Microsoft Corporation.  All rights reserved.
  cl /c /Zi /W3 /WX- /diagnostics:column /Od /Ob0 /D _MBCS /D WIN32 /D _WINDOWS /D "CMAKE_INTDIR=\"Debug\"" /Gm- /RTC1 /MDd /GS /fp:precise /Zc:wchar_t /Zc:forScope /Zc:inline /Fo"cmTC_16623.dir\Debug\\" /Fd"cmTC_16623.dir\Debug\vc143.pdb" /external:W3 /Gd /TC /errorReport:queue "D:\USD\build_debug\build\zlib-1.2.13\CMakeFiles\CMakeScratch\TryCompile-hcduic\CheckIncludeFile.c"
D:\USD\build_debug\build\zlib-1.2.13\CMakeFiles\CMakeScratch\TryCompile-hcduic\CheckIncludeFile.c(1,10): fatal  error C1083: Cannot open include file: 'unistd.h': No such file or directory [D:\USD\build_debug\build\zlib-1.2.13\CMakeFiles\CMakeScratch\TryCompile-hcduic\cmTC_16623.vcxproj]



